Using pre-set license
Built from '2022.3/staging' branch; Version is '2022.3.26f1 (ec6cd8118806) revision 15494360'; Using compiler version '192829333'; Build Type 'Release'
OS: 'Windows 11  (10.0.22631) 64bit Core' Language: 'en' Physical Memory: 24438 MB
BatchMode: 1, IsHumanControllingUs: 0, StartBugReporterOnCrash: 0, Is64bit: 1, IsPro: 1

COMMAND LINE ARGUMENTS:
C:\Program Files\Unity\Hub\Editor\2022.3.26f1\Editor\Unity.exe
-adb2
-batchMode
-noUpm
-name
AssetImportWorker2
-projectPath
C:/Users/owner/Dropbox/My PC (i7-gamer)/Documents/GitHub/openu-group-project/_Unity/MVP/redacted-game-v2
-logFile
Logs/AssetImportWorker2.log
-srvPort
54644
Successfully changed project path to: C:/Users/owner/Dropbox/My PC (i7-gamer)/Documents/GitHub/openu-group-project/_Unity/MVP/redacted-game-v2
C:/Users/owner/Dropbox/My PC (i7-gamer)/Documents/GitHub/openu-group-project/_Unity/MVP/redacted-game-v2
[UnityMemory] Configuration Parameters - Can be set up in boot.config
    "memorysetup-bucket-allocator-granularity=16"
    "memorysetup-bucket-allocator-bucket-count=8"
    "memorysetup-bucket-allocator-block-size=33554432"
    "memorysetup-bucket-allocator-block-count=8"
    "memorysetup-main-allocator-block-size=16777216"
    "memorysetup-thread-allocator-block-size=16777216"
    "memorysetup-gfx-main-allocator-block-size=16777216"
    "memorysetup-gfx-thread-allocator-block-size=16777216"
    "memorysetup-cache-allocator-block-size=4194304"
    "memorysetup-typetree-allocator-block-size=2097152"
    "memorysetup-profiler-bucket-allocator-granularity=16"
    "memorysetup-profiler-bucket-allocator-bucket-count=8"
    "memorysetup-profiler-bucket-allocator-block-size=33554432"
    "memorysetup-profiler-bucket-allocator-block-count=8"
    "memorysetup-profiler-allocator-block-size=16777216"
    "memorysetup-profiler-editor-allocator-block-size=1048576"
    "memorysetup-temp-allocator-size-main=16777216"
    "memorysetup-job-temp-allocator-block-size=2097152"
    "memorysetup-job-temp-allocator-block-size-background=1048576"
    "memorysetup-job-temp-allocator-reduction-small-platforms=262144"
    "memorysetup-allocator-temp-initial-block-size-main=262144"
    "memorysetup-allocator-temp-initial-block-size-worker=262144"
    "memorysetup-temp-allocator-size-background-worker=32768"
    "memorysetup-temp-allocator-size-job-worker=262144"
    "memorysetup-temp-allocator-size-preload-manager=33554432"
    "memorysetup-temp-allocator-size-nav-mesh-worker=65536"
    "memorysetup-temp-allocator-size-audio-worker=65536"
    "memorysetup-temp-allocator-size-cloud-worker=32768"
    "memorysetup-temp-allocator-size-gi-baking-worker=262144"
    "memorysetup-temp-allocator-size-gfx=262144"
Player connection [20320] Host "[IP] 192.168.1.25 [Port] 0 [Flags] 2 [Guid] 1046499279 [EditorId] 1046499279 [Version] 1048832 [Id] WindowsEditor(7,i7-gamer) [Debug] 1 [PackageName] WindowsEditor [ProjectName] Editor" joined multi-casting on [225.0.0.222:54997]...

Player connection [20320] Host "[IP] 192.168.1.25 [Port] 0 [Flags] 2 [Guid] 1046499279 [EditorId] 1046499279 [Version] 1048832 [Id] WindowsEditor(7,i7-gamer) [Debug] 1 [PackageName] WindowsEditor [ProjectName] Editor" joined alternative multi-casting on [225.0.0.222:34997]...

[Physics::Module] Initialized MultithreadedJobDispatcher with 11 workers.
Refreshing native plugins compatible for Editor in 24.49 ms, found 4 plugins.
Preloading 0 native plugins for Editor in 0.00 ms.
Initialize engine version: 2022.3.26f1 (ec6cd8118806)
[Subsystems] Discovering subsystems at path C:/Program Files/Unity/Hub/Editor/2022.3.26f1/Editor/Data/Resources/UnitySubsystems
[Subsystems] Discovering subsystems at path C:/Users/owner/Dropbox/My PC (i7-gamer)/Documents/GitHub/openu-group-project/_Unity/MVP/redacted-game-v2/Assets
GfxDevice: creating device client; threaded=0; jobified=0
Direct3D:
    Version:  Direct3D 11.0 [level 11.1]
    Renderer: NVIDIA GeForce GTX 1660 (ID=0x2184)
    Vendor:   NVIDIA
    VRAM:     5981 MB
    Driver:   31.0.15.4601
Initialize mono
Mono path[0] = 'C:/Program Files/Unity/Hub/Editor/2022.3.26f1/Editor/Data/Managed'
Mono path[1] = 'C:/Program Files/Unity/Hub/Editor/2022.3.26f1/Editor/Data/MonoBleedingEdge/lib/mono/unityjit-win32'
Mono config path = 'C:/Program Files/Unity/Hub/Editor/2022.3.26f1/Editor/Data/MonoBleedingEdge/etc'
Using monoOptions --debugger-agent=transport=dt_socket,embedding=1,server=y,suspend=n,address=127.0.0.1:56032
Begin MonoManager ReloadAssembly
Registering precompiled unity dll's ...
Register platform support module: C:/Program Files/Unity/Hub/Editor/2022.3.26f1/Editor/Data/PlaybackEngines/WindowsStandaloneSupport/UnityEditor.WindowsStandalone.Extensions.dll
Registered in 0.009030 seconds.
- Loaded All Assemblies, in  0.368 seconds
Native extension for WindowsStandalone target not found
Mono: successfully reloaded assembly
- Finished resetting the current domain, in  0.293 seconds
Domain Reload Profiling: 658ms
	BeginReloadAssembly (109ms)
		ExecutionOrderSort (0ms)
		DisableScriptedObjects (0ms)
		BackupInstance (0ms)
		ReleaseScriptingObjects (0ms)
		CreateAndSetChildDomain (1ms)
	RebuildCommonClasses (34ms)
	RebuildNativeTypeToScriptingClass (15ms)
	initialDomainReloadingComplete (61ms)
	LoadAllAssembliesAndSetupDomain (146ms)
		LoadAssemblies (106ms)
		RebuildTransferFunctionScriptingTraits (0ms)
		AnalyzeDomain (144ms)
			TypeCache.Refresh (142ms)
				TypeCache.ScanAssembly (127ms)
			ScanForSourceGeneratedMonoScriptInfo (1ms)
			ResolveRequiredComponents (1ms)
	FinalizeReload (293ms)
		ReleaseScriptCaches (0ms)
		RebuildScriptCaches (0ms)
		SetupLoadedEditorAssemblies (232ms)
			LogAssemblyErrors (0ms)
			InitializePlatformSupportModulesInManaged (9ms)
			SetLoadedEditorAssemblies (9ms)
			RefreshPlugins (0ms)
			BeforeProcessingInitializeOnLoad (2ms)
			ProcessInitializeOnLoadAttributes (153ms)
			ProcessInitializeOnLoadMethodAttributes (58ms)
			AfterProcessingInitializeOnLoad (0ms)
			EditorAssembliesLoaded (0ms)
		ExecutionOrderSort2 (0ms)
		AwakeInstancesAfterBackupRestoration (0ms)
========================================================================
Worker process is ready to serve import requests
Begin MonoManager ReloadAssembly
- Loaded All Assemblies, in  0.808 seconds
Refreshing native plugins compatible for Editor in 9.73 ms, found 4 plugins.
Native extension for WindowsStandalone target not found
Package Manager log level set to [2]
[Package Manager] Server::EnsureServerProcessIsRunning -- launch failed, reason: Unity was launched with the -noUpm command-line argument
[Package Manager] UpmClient::Send -- Unable to send message (not connected to UPM process).
[Package Manager] Cannot connect to Unity Package Manager local server
Mono: successfully reloaded assembly
- Finished resetting the current domain, in  1.071 seconds
Domain Reload Profiling: 1873ms
	BeginReloadAssembly (157ms)
		ExecutionOrderSort (0ms)
		DisableScriptedObjects (5ms)
		BackupInstance (0ms)
		ReleaseScriptingObjects (0ms)
		CreateAndSetChildDomain (22ms)
	RebuildCommonClasses (38ms)
	RebuildNativeTypeToScriptingClass (11ms)
	initialDomainReloadingComplete (52ms)
	LoadAllAssembliesAndSetupDomain (544ms)
		LoadAssemblies (395ms)
		RebuildTransferFunctionScriptingTraits (0ms)
		AnalyzeDomain (244ms)
			TypeCache.Refresh (187ms)
				TypeCache.ScanAssembly (167ms)
			ScanForSourceGeneratedMonoScriptInfo (41ms)
			ResolveRequiredComponents (15ms)
	FinalizeReload (1072ms)
		ReleaseScriptCaches (0ms)
		RebuildScriptCaches (0ms)
		SetupLoadedEditorAssemblies (832ms)
			LogAssemblyErrors (0ms)
			InitializePlatformSupportModulesInManaged (6ms)
			SetLoadedEditorAssemblies (4ms)
			RefreshPlugins (0ms)
			BeforeProcessingInitializeOnLoad (81ms)
			ProcessInitializeOnLoadAttributes (695ms)
			ProcessInitializeOnLoadMethodAttributes (37ms)
			AfterProcessingInitializeOnLoad (8ms)
			EditorAssembliesLoaded (0ms)
		ExecutionOrderSort2 (0ms)
		AwakeInstancesAfterBackupRestoration (8ms)
Launched and connected shader compiler UnityShaderCompiler.exe after 0.05 seconds
Refreshing native plugins compatible for Editor in 11.10 ms, found 4 plugins.
Preloading 0 native plugins for Editor in 0.00 ms.
Unloading 4650 Unused Serialized files (Serialized files now loaded: 0)
Unloading 83 unused Assets / (137.8 KB). Loaded Objects now: 5111.
Memory consumption went from 162.3 MB to 162.1 MB.
Total: 3.869100 ms (FindLiveObjects: 0.331500 ms CreateObjectMapping: 0.273200 ms MarkObjects: 3.126300 ms  DeleteObjects: 0.137400 ms)

AssetImportParameters requested are different than current active one (requested -> active):
  custom:container-demuxer-ogg: 62fdf1f143b41e24485cea50d1cbac27 -> 
  custom:video-decoder-ogg-theora: a1e56fd34408186e4bbccfd4996cb3dc -> 
  custom:framework-win-MediaFoundation: 216162199b28c13a410421893ffa2e32 -> 
  custom:CustomObjectIndexerAttribute: 9a22284fe3817be447336de3de66b15e -> 
  custom:container-demuxer-webm: 4f35f7cbe854078d1ac9338744f61a02 -> 
  custom:container-muxer-webm: aa71ff27fc2769a1b78a27578f13a17b -> 
  custom:video-decoder-webm-vp8: 9c59270c3fd7afecdb556c50c9e8de78 -> 
  custom:SearchIndexIgnoredProperties: e643bd26f0fe6173181afceb89e7c659 -> 
  custom:AudioImporter_EditorPlatform: d09bf68614088b80899f8185d706f6e7 -> 
  custom:video-encoder-webm-vp8: eb34c28f22e8b96e1ab97ce403110664 -> 
  custom:audio-decoder-ogg-vorbis: bf7c407c2cedff20999df2af8eb42d56 -> 
  custom:audio-encoder-webm-vorbis: bf7c407c2cedff20999df2af8eb42d56 -> 
========================================================================
Received Import Request.
  Time since last request: 453347.698221 seconds.
  path: Assets/Sprites/Character/jump with flip/flip0006.png
  artifactKey: Guid(f9bee931e102a2c4b8e2c8b2b4d8a3be) Importer(815301076,1909f56bfc062723c751e8b465ee728b)
Start importing Assets/Sprites/Character/jump with flip/flip0006.png using Guid(f9bee931e102a2c4b8e2c8b2b4d8a3be) Importer(815301076,1909f56bfc062723c751e8b465ee728b)  -> (artifact id: '02a75181cfcaf8fd14c76a8f168f82ab') in 0.118160 seconds
Number of updated asset objects reloaded before import = 0
Number of asset objects unloaded after import = 3
========================================================================
Received Import Request.
  Time since last request: 1.125959 seconds.
  path: Assets/Sprites/Environment/first-and-second-floor.png
  artifactKey: Guid(b9e3dd483024a3c42aa16c401d89a081) Importer(815301076,1909f56bfc062723c751e8b465ee728b)
Start importing Assets/Sprites/Environment/first-and-second-floor.png using Guid(b9e3dd483024a3c42aa16c401d89a081) Importer(815301076,1909f56bfc062723c751e8b465ee728b)  -> (artifact id: '866adf0c5b64d0b310e20a6b7997f847') in 0.031515 seconds
Number of updated asset objects reloaded before import = 0
Number of asset objects unloaded after import = 3
========================================================================
Received Import Request.
  Time since last request: 0.039446 seconds.
  path: Assets/Sprites/Environment/decor3.png
  artifactKey: Guid(65ab5a7191bc8404eaec07f5f9fe485f) Importer(815301076,1909f56bfc062723c751e8b465ee728b)
Start importing Assets/Sprites/Environment/decor3.png using Guid(65ab5a7191bc8404eaec07f5f9fe485f) Importer(815301076,1909f56bfc062723c751e8b465ee728b)  -> (artifact id: '98d56214ee2e91e3936cbfd22708bd03') in 0.026556 seconds
Number of updated asset objects reloaded before import = 0
Number of asset objects unloaded after import = 3
========================================================================
Received Import Request.
  Time since last request: 0.122757 seconds.
  path: Assets/Sprites/Environment/corp-banner1.png
  artifactKey: Guid(3c1790927be1f0b47b54c4a2f7af5173) Importer(815301076,1909f56bfc062723c751e8b465ee728b)
Start importing Assets/Sprites/Environment/corp-banner1.png using Guid(3c1790927be1f0b47b54c4a2f7af5173) Importer(815301076,1909f56bfc062723c751e8b465ee728b)  -> (artifact id: 'e69e6725beefbcdf28c95a0dadec77ce') in 0.021675 seconds
Number of updated asset objects reloaded before import = 0
Number of asset objects unloaded after import = 3
========================================================================
Received Import Request.
  Time since last request: 0.979192 seconds.
  path: Assets/Sprites/Environment/building-corner3.png
  artifactKey: Guid(c792df10b5f28f54fa2cb22a6d990c83) Importer(815301076,1909f56bfc062723c751e8b465ee728b)
Start importing Assets/Sprites/Environment/building-corner3.png using Guid(c792df10b5f28f54fa2cb22a6d990c83) Importer(815301076,1909f56bfc062723c751e8b465ee728b)  -> (artifact id: 'deaab217746e346606d7039a1603ad87') in 0.017456 seconds
Number of updated asset objects reloaded before import = 0
Number of asset objects unloaded after import = 3
========================================================================
Received Import Request.
  Time since last request: 0.000017 seconds.
  path: Assets/Sprites/Environment/city-view.png
  artifactKey: Guid(0688ec026059ed846a4f69592cfc2ef4) Importer(815301076,1909f56bfc062723c751e8b465ee728b)
Start importing Assets/Sprites/Environment/city-view.png using Guid(0688ec026059ed846a4f69592cfc2ef4) Importer(815301076,1909f56bfc062723c751e8b465ee728b)  -> (artifact id: 'd8f7056c718aea2ee69ed7c45588ef9e') in 0.027959 seconds
Number of updated asset objects reloaded before import = 0
Number of asset objects unloaded after import = 3
========================================================================
Received Import Request.
  Time since last request: 0.084439 seconds.
  path: Assets/Sprites/Environment/bg-backcity1.png
  artifactKey: Guid(167b3f16eea53b34e9bba386688f491a) Importer(815301076,1909f56bfc062723c751e8b465ee728b)
Start importing Assets/Sprites/Environment/bg-backcity1.png using Guid(167b3f16eea53b34e9bba386688f491a) Importer(815301076,1909f56bfc062723c751e8b465ee728b)  -> (artifact id: '73bfff31a2bc1db9912758e074a99d54') in 0.026737 seconds
Number of updated asset objects reloaded before import = 0
Number of asset objects unloaded after import = 3
========================================================================
Received Import Request.
  Time since last request: 0.000022 seconds.
  path: Assets/Sprites/Environment/building-corner2.png
  artifactKey: Guid(a1ccf278ea0e3164da37c00b0cccd048) Importer(815301076,1909f56bfc062723c751e8b465ee728b)
Start importing Assets/Sprites/Environment/building-corner2.png using Guid(a1ccf278ea0e3164da37c00b0cccd048) Importer(815301076,1909f56bfc062723c751e8b465ee728b)  -> (artifact id: '57cad46ba98ac2eab0bb0bd694abdefd') in 0.020261 seconds
Number of updated asset objects reloaded before import = 0
Number of asset objects unloaded after import = 3
========================================================================
Received Import Request.
  Time since last request: 0.444561 seconds.
  path: Assets/Sprites/Character/newSlide30fps/0038.png
  artifactKey: Guid(903399cbf1c6cd04facee34d141baefa) Importer(815301076,1909f56bfc062723c751e8b465ee728b)
Start importing Assets/Sprites/Character/newSlide30fps/0038.png using Guid(903399cbf1c6cd04facee34d141baefa) Importer(815301076,1909f56bfc062723c751e8b465ee728b)  -> (artifact id: 'bdb99b078130cd1fdb205358365c417b') in 0.021623 seconds
Number of updated asset objects reloaded before import = 0
Number of asset objects unloaded after import = 3
========================================================================
Received Import Request.
  Time since last request: 0.000034 seconds.
  path: Assets/Sprites/Environment/bg.png
  artifactKey: Guid(5af1cc9f81334ec43aab17675b5175ab) Importer(815301076,1909f56bfc062723c751e8b465ee728b)
Start importing Assets/Sprites/Environment/bg.png using Guid(5af1cc9f81334ec43aab17675b5175ab) Importer(815301076,1909f56bfc062723c751e8b465ee728b)  -> (artifact id: '9707b50598b79b592d77cad4f6ef2d54') in 0.019860 seconds
Number of updated asset objects reloaded before import = 0
Number of asset objects unloaded after import = 3
========================================================================
Received Import Request.
  Time since last request: 0.018482 seconds.
  path: Assets/Sprites/Character/slide30fps/0035.png
  artifactKey: Guid(ac7f55e129bc79740892d618f49ee94e) Importer(815301076,1909f56bfc062723c751e8b465ee728b)
Start importing Assets/Sprites/Character/slide30fps/0035.png using Guid(ac7f55e129bc79740892d618f49ee94e) Importer(815301076,1909f56bfc062723c751e8b465ee728b)  -> (artifact id: '9bc56d76b763cd49cf762d051e759a5f') in 0.020306 seconds
Number of updated asset objects reloaded before import = 0
Number of asset objects unloaded after import = 3
========================================================================
Received Import Request.
  Time since last request: 0.000022 seconds.
  path: Assets/Sprites/Character/slide30fps/0037.png
  artifactKey: Guid(788ae2b0c4908904f83234ab09ce4c7b) Importer(815301076,1909f56bfc062723c751e8b465ee728b)
Start importing Assets/Sprites/Character/slide30fps/0037.png using Guid(788ae2b0c4908904f83234ab09ce4c7b) Importer(815301076,1909f56bfc062723c751e8b465ee728b)  -> (artifact id: 'be7967f0adebe089fbe21cd0710e7be6') in 0.017802 seconds
Number of updated asset objects reloaded before import = 0
Number of asset objects unloaded after import = 3
========================================================================
Received Import Request.
  Time since last request: 0.022209 seconds.
  path: Assets/Sprites/Character/slide30fps/0032.png
  artifactKey: Guid(224b17560e92cc74ca8b5c073413741b) Importer(815301076,1909f56bfc062723c751e8b465ee728b)
Start importing Assets/Sprites/Character/slide30fps/0032.png using Guid(224b17560e92cc74ca8b5c073413741b) Importer(815301076,1909f56bfc062723c751e8b465ee728b)  -> (artifact id: '1af2d4be43ab20ed3612ab6e1c779c13') in 0.020783 seconds
Number of updated asset objects reloaded before import = 0
Number of asset objects unloaded after import = 3
========================================================================
Received Import Request.
  Time since last request: 0.000020 seconds.
  path: Assets/Sprites/Character/newSlide30fps/0034.png
  artifactKey: Guid(ee244e8057fb2724bbd967df9dcdae6b) Importer(815301076,1909f56bfc062723c751e8b465ee728b)
Start importing Assets/Sprites/Character/newSlide30fps/0034.png using Guid(ee244e8057fb2724bbd967df9dcdae6b) Importer(815301076,1909f56bfc062723c751e8b465ee728b)  -> (artifact id: 'a90b351a598b6305d318f0cb175329e0') in 0.032495 seconds
Number of updated asset objects reloaded before import = 0
Number of asset objects unloaded after import = 3
========================================================================
Received Import Request.
  Time since last request: 0.497334 seconds.
  path: Assets/Sprites/Character/slide30fps/0029.png
  artifactKey: Guid(766f2752a9ed22c49b7fe64b137d932d) Importer(815301076,1909f56bfc062723c751e8b465ee728b)
Start importing Assets/Sprites/Character/slide30fps/0029.png using Guid(766f2752a9ed22c49b7fe64b137d932d) Importer(815301076,1909f56bfc062723c751e8b465ee728b)  -> (artifact id: 'dd671f3b370bdde77212b7d7ea218aa9') in 0.019681 seconds
Number of updated asset objects reloaded before import = 0
Number of asset objects unloaded after import = 3
========================================================================
Received Import Request.
  Time since last request: 0.000015 seconds.
  path: Assets/Sprites/Character/newSlide30fps/0031.png
  artifactKey: Guid(93a82e49b4e9ea6458df4e889fdd6b3e) Importer(815301076,1909f56bfc062723c751e8b465ee728b)
Start importing Assets/Sprites/Character/newSlide30fps/0031.png using Guid(93a82e49b4e9ea6458df4e889fdd6b3e) Importer(815301076,1909f56bfc062723c751e8b465ee728b)  -> (artifact id: 'a911adf7f2f8233e9932b547966cc86a') in 0.038032 seconds
Number of updated asset objects reloaded before import = 0
Number of asset objects unloaded after import = 3
========================================================================
Received Import Request.
  Time since last request: 0.289427 seconds.
  path: Assets/Sprites/Character/run30fps/0026.png
  artifactKey: Guid(39e251e0dd1e4fe48a622259c9bce91e) Importer(815301076,1909f56bfc062723c751e8b465ee728b)
Start importing Assets/Sprites/Character/run30fps/0026.png using Guid(39e251e0dd1e4fe48a622259c9bce91e) Importer(815301076,1909f56bfc062723c751e8b465ee728b)  -> (artifact id: '29ff8d20a9487d4dcfd80a63b3737037') in 0.019088 seconds
Number of updated asset objects reloaded before import = 0
Number of asset objects unloaded after import = 3
========================================================================
Received Import Request.
  Time since last request: 0.000021 seconds.
  path: Assets/Sprites/Character/newSlide30fps/0028.png
  artifactKey: Guid(79a195cb3c9de4842ae5e7fc97a71716) Importer(815301076,1909f56bfc062723c751e8b465ee728b)
Start importing Assets/Sprites/Character/newSlide30fps/0028.png using Guid(79a195cb3c9de4842ae5e7fc97a71716) Importer(815301076,1909f56bfc062723c751e8b465ee728b)  -> (artifact id: '7420ab9657cc04b18a9d9691593a0c30') in 0.018889 seconds
Number of updated asset objects reloaded before import = 0
Number of asset objects unloaded after import = 3
========================================================================
Received Import Request.
  Time since last request: 0.000022 seconds.
  path: Assets/Sprites/Character/newSlide30fps/0026.png
  artifactKey: Guid(693954ad5546731488d151b9b2a0c1cb) Importer(815301076,1909f56bfc062723c751e8b465ee728b)
Start importing Assets/Sprites/Character/newSlide30fps/0026.png using Guid(693954ad5546731488d151b9b2a0c1cb) Importer(815301076,1909f56bfc062723c751e8b465ee728b)  -> (artifact id: '4fbb52e650f560515e541d8daeb0cf83') in 0.022987 seconds
Number of updated asset objects reloaded before import = 0
Number of asset objects unloaded after import = 3
========================================================================
Received Import Request.
  Time since last request: 0.027140 seconds.
  path: Assets/Sprites/Character/newSlide30fps/0022.png
  artifactKey: Guid(5dcd9273e5355fd4184a7c7a112f9159) Importer(815301076,1909f56bfc062723c751e8b465ee728b)
Start importing Assets/Sprites/Character/newSlide30fps/0022.png using Guid(5dcd9273e5355fd4184a7c7a112f9159) Importer(815301076,1909f56bfc062723c751e8b465ee728b)  -> (artifact id: '99c264e37f84cabe83a5eb4c0eb7f972') in 0.021092 seconds
Number of updated asset objects reloaded before import = 0
Number of asset objects unloaded after import = 3
========================================================================
Received Import Request.
  Time since last request: 0.353269 seconds.
  path: Assets/Sprites/Character/slide30fps/0020.png
  artifactKey: Guid(2fd082d0c753bcd4c852c9dea475a892) Importer(815301076,1909f56bfc062723c751e8b465ee728b)
Start importing Assets/Sprites/Character/slide30fps/0020.png using Guid(2fd082d0c753bcd4c852c9dea475a892) Importer(815301076,1909f56bfc062723c751e8b465ee728b)  -> (artifact id: 'f34787c06abdf2df5800df01ef43cc24') in 0.020208 seconds
Number of updated asset objects reloaded before import = 0
Number of asset objects unloaded after import = 3
========================================================================
Received Import Request.
  Time since last request: 0.036407 seconds.
  path: Assets/Sprites/Character/newSlide15fps/0018.png
  artifactKey: Guid(6ca5ee6fc1140934389d5f76f64cd5cd) Importer(815301076,1909f56bfc062723c751e8b465ee728b)
Start importing Assets/Sprites/Character/newSlide15fps/0018.png using Guid(6ca5ee6fc1140934389d5f76f64cd5cd) Importer(815301076,1909f56bfc062723c751e8b465ee728b)  -> (artifact id: '2e0ab643d24586d7e7f6847243c68ad9') in 0.021488 seconds
Number of updated asset objects reloaded before import = 0
Number of asset objects unloaded after import = 3
========================================================================
Received Import Request.
  Time since last request: 0.035359 seconds.
  path: Assets/Sprites/Character/run30fps/0017.png
  artifactKey: Guid(a92672e89b9c0344da648fca0070828e) Importer(815301076,1909f56bfc062723c751e8b465ee728b)
Start importing Assets/Sprites/Character/run30fps/0017.png using Guid(a92672e89b9c0344da648fca0070828e) Importer(815301076,1909f56bfc062723c751e8b465ee728b)  -> (artifact id: 'bb10b4d5bf59c0459ea35f5b0978a1fd') in 0.019797 seconds
Number of updated asset objects reloaded before import = 0
Number of asset objects unloaded after import = 3
========================================================================
Received Import Request.
  Time since last request: 0.000028 seconds.
  path: Assets/Sprites/Character/newSlide30fps/0018.png
  artifactKey: Guid(ab5f2aa94212fe64f9429e236321877a) Importer(815301076,1909f56bfc062723c751e8b465ee728b)
Start importing Assets/Sprites/Character/newSlide30fps/0018.png using Guid(ab5f2aa94212fe64f9429e236321877a) Importer(815301076,1909f56bfc062723c751e8b465ee728b)  -> (artifact id: 'ac17d21137a60e1be188777cd2dbf6dd') in 0.017931 seconds
Number of updated asset objects reloaded before import = 0
Number of asset objects unloaded after import = 3
========================================================================
Received Import Request.
  Time since last request: 0.242323 seconds.
  path: Assets/Sprites/Character/slide30fps/0015.png
  artifactKey: Guid(e706c2a80c454174695a2f31188bf87a) Importer(815301076,1909f56bfc062723c751e8b465ee728b)
Start importing Assets/Sprites/Character/slide30fps/0015.png using Guid(e706c2a80c454174695a2f31188bf87a) Importer(815301076,1909f56bfc062723c751e8b465ee728b)  -> (artifact id: 'a65dc5104b2449af30c8282669dccee0') in 0.019043 seconds
Number of updated asset objects reloaded before import = 0
Number of asset objects unloaded after import = 3
========================================================================
Received Import Request.
  Time since last request: 0.040147 seconds.
  path: Assets/Sprites/Character/run30fps/0014.png
  artifactKey: Guid(ca5fe845b249b544d80a2e063001846f) Importer(815301076,1909f56bfc062723c751e8b465ee728b)
Start importing Assets/Sprites/Character/run30fps/0014.png using Guid(ca5fe845b249b544d80a2e063001846f) Importer(815301076,1909f56bfc062723c751e8b465ee728b)  -> (artifact id: 'f72b6ee9da1a3af487b8373d8f9c7d43') in 0.018373 seconds
Number of updated asset objects reloaded before import = 0
Number of asset objects unloaded after import = 3
========================================================================
Received Import Request.
  Time since last request: 0.000021 seconds.
  path: Assets/Sprites/Character/newSlide30fps/0015.png
  artifactKey: Guid(3594844a28163ed45be4073988fbd095) Importer(815301076,1909f56bfc062723c751e8b465ee728b)
Start importing Assets/Sprites/Character/newSlide30fps/0015.png using Guid(3594844a28163ed45be4073988fbd095) Importer(815301076,1909f56bfc062723c751e8b465ee728b)  -> (artifact id: '1304abfebe5287435c48b9c04a07640a') in 0.015875 seconds
Number of updated asset objects reloaded before import = 0
Number of asset objects unloaded after import = 3
========================================================================
Received Import Request.
  Time since last request: 0.016787 seconds.
  path: Assets/Sprites/Character/run30fps/0012.png
  artifactKey: Guid(4500afd13f7c4dc48be55dcfb34d3b62) Importer(815301076,1909f56bfc062723c751e8b465ee728b)
Start importing Assets/Sprites/Character/run30fps/0012.png using Guid(4500afd13f7c4dc48be55dcfb34d3b62) Importer(815301076,1909f56bfc062723c751e8b465ee728b)  -> (artifact id: 'ecdbd6e07cd5e7fffc75515d10ff504e') in 0.019505 seconds
Number of updated asset objects reloaded before import = 0
Number of asset objects unloaded after import = 3
========================================================================
Received Import Request.
  Time since last request: 0.274708 seconds.
  path: Assets/Sprites/Character/run30fps/0011.png
  artifactKey: Guid(dba553be73d587a4a860eaf78cf3b0ac) Importer(815301076,1909f56bfc062723c751e8b465ee728b)
Start importing Assets/Sprites/Character/run30fps/0011.png using Guid(dba553be73d587a4a860eaf78cf3b0ac) Importer(815301076,1909f56bfc062723c751e8b465ee728b)  -> (artifact id: '7175b05f531c1b6319c4e2d581e8e083') in 0.020135 seconds
Number of updated asset objects reloaded before import = 0
Number of asset objects unloaded after import = 3
========================================================================
Received Import Request.
  Time since last request: 0.000015 seconds.
  path: Assets/Sprites/Character/newSlide15fps/0009.png
  artifactKey: Guid(05092c1bd6e559348baa417e58ba382c) Importer(815301076,1909f56bfc062723c751e8b465ee728b)
Start importing Assets/Sprites/Character/newSlide15fps/0009.png using Guid(05092c1bd6e559348baa417e58ba382c) Importer(815301076,1909f56bfc062723c751e8b465ee728b)  -> (artifact id: 'b3df694f9167631dd38582f1157df327') in 0.020644 seconds
Number of updated asset objects reloaded before import = 0
Number of asset objects unloaded after import = 3
========================================================================
Received Import Request.
  Time since last request: 0.000019 seconds.
  path: Assets/Sprites/Character/newSlide30fps/0011.png
  artifactKey: Guid(ae167de3c91847e4280250d950f898b6) Importer(815301076,1909f56bfc062723c751e8b465ee728b)
Start importing Assets/Sprites/Character/newSlide30fps/0011.png using Guid(ae167de3c91847e4280250d950f898b6) Importer(815301076,1909f56bfc062723c751e8b465ee728b)  -> (artifact id: 'bdbe1889f771496054f7fb2b309f6647') in 0.020319 seconds
Number of updated asset objects reloaded before import = 0
Number of asset objects unloaded after import = 3
========================================================================
Received Import Request.
  Time since last request: 0.022207 seconds.
  path: Assets/Sprites/Character/slide30fps/0008.png
  artifactKey: Guid(2fc7ca99860ca544bad97e18b2c1c50a) Importer(815301076,1909f56bfc062723c751e8b465ee728b)
Start importing Assets/Sprites/Character/slide30fps/0008.png using Guid(2fc7ca99860ca544bad97e18b2c1c50a) Importer(815301076,1909f56bfc062723c751e8b465ee728b)  -> (artifact id: 'baa242b0ce36f724ce076c79b8dfd3b9') in 0.018639 seconds
Number of updated asset objects reloaded before import = 0
Number of asset objects unloaded after import = 3
========================================================================
Received Import Request.
  Time since last request: 3.122508 seconds.
  path: Assets/Sprites/Environment/second-far-wall.png
  artifactKey: Guid(3d766b831b1bda54f804be00e469b263) Importer(815301076,1909f56bfc062723c751e8b465ee728b)
Start importing Assets/Sprites/Environment/second-far-wall.png using Guid(3d766b831b1bda54f804be00e469b263) Importer(815301076,1909f56bfc062723c751e8b465ee728b)  -> (artifact id: '744897db3b4cafdd4817a7e9319e0475') in 0.031142 seconds
Number of updated asset objects reloaded before import = 0
Number of asset objects unloaded after import = 3
========================================================================
Received Import Request.
  Time since last request: 13.130256 seconds.
  path: Assets/Sprites/Character/run/P0006.png
  artifactKey: Guid(24daf6a27478bb04382eb16d38de6393) Importer(815301076,1909f56bfc062723c751e8b465ee728b)
Start importing Assets/Sprites/Character/run/P0006.png using Guid(24daf6a27478bb04382eb16d38de6393) Importer(815301076,1909f56bfc062723c751e8b465ee728b)  -> (artifact id: 'a99255a07bd96c076e36da02027ee3e4') in 0.019809 seconds
Number of updated asset objects reloaded before import = 0
Number of asset objects unloaded after import = 3
========================================================================
Received Import Request.
  Time since last request: 0.000032 seconds.
  path: Assets/Sprites/Character/run/P0010.png
  artifactKey: Guid(dc42aae52a4b26041bc77670eb3b6ff9) Importer(815301076,1909f56bfc062723c751e8b465ee728b)
Start importing Assets/Sprites/Character/run/P0010.png using Guid(dc42aae52a4b26041bc77670eb3b6ff9) Importer(815301076,1909f56bfc062723c751e8b465ee728b)  -> (artifact id: 'a7845b3031f229b1e2dca132ff5b03be') in 0.017552 seconds
Number of updated asset objects reloaded before import = 0
Number of asset objects unloaded after import = 3
========================================================================
Received Import Request.
  Time since last request: 1.032844 seconds.
  path: Assets/Sprites/Character/run/P0012.png
  artifactKey: Guid(12991e69ae912004790151c40065b8b3) Importer(815301076,1909f56bfc062723c751e8b465ee728b)
Start importing Assets/Sprites/Character/run/P0012.png using Guid(12991e69ae912004790151c40065b8b3) Importer(815301076,1909f56bfc062723c751e8b465ee728b)  -> (artifact id: 'b0b3083a2ff1b4092fb4b28db84b3782') in 0.018681 seconds
Number of updated asset objects reloaded before import = 0
Number of asset objects unloaded after import = 3
========================================================================
Received Import Request.
  Time since last request: 0.026760 seconds.
  path: Assets/Sprites/Environment/slide.png
  artifactKey: Guid(9baa5193b25f29a4e87e1faaeff1cae8) Importer(815301076,1909f56bfc062723c751e8b465ee728b)
Start importing Assets/Sprites/Environment/slide.png using Guid(9baa5193b25f29a4e87e1faaeff1cae8) Importer(815301076,1909f56bfc062723c751e8b465ee728b)  -> (artifact id: '9387ae88f17d3fed64c28d5c06905ab2') in 0.026548 seconds
Number of updated asset objects reloaded before import = 0
Number of asset objects unloaded after import = 3
========================================================================
Received Import Request.
  Time since last request: 0.018153 seconds.
  path: Assets/Sprites/Character/slide (temporary)/slide4.png
  artifactKey: Guid(9e8ad323b2a8c914aab49a4070b0ef15) Importer(815301076,1909f56bfc062723c751e8b465ee728b)
Start importing Assets/Sprites/Character/slide (temporary)/slide4.png using Guid(9e8ad323b2a8c914aab49a4070b0ef15) Importer(815301076,1909f56bfc062723c751e8b465ee728b)  -> (artifact id: 'c530f205c5846d43bab2d2b33aa75058') in 0.027707 seconds
Number of updated asset objects reloaded before import = 0
Number of asset objects unloaded after import = 3
========================================================================
Received Import Request.
  Time since last request: 0.000021 seconds.
  path: Assets/Sprites/Environment/vent-air-ending.png
  artifactKey: Guid(0cc23573550147c49baf3b23362d07af) Importer(815301076,1909f56bfc062723c751e8b465ee728b)
Start importing Assets/Sprites/Environment/vent-air-ending.png using Guid(0cc23573550147c49baf3b23362d07af) Importer(815301076,1909f56bfc062723c751e8b465ee728b)  -> (artifact id: '99dcb180e28d2671252fd743d1b5ab01') in 0.016851 seconds
Number of updated asset objects reloaded before import = 0
Number of asset objects unloaded after import = 3
========================================================================
Received Import Request.
  Time since last request: 0.956834 seconds.
  path: Assets/Sprites/Environment/vent-box.png
  artifactKey: Guid(ad95c70330a494f4d9655b86faec15c6) Importer(815301076,1909f56bfc062723c751e8b465ee728b)
Start importing Assets/Sprites/Environment/vent-box.png using Guid(ad95c70330a494f4d9655b86faec15c6) Importer(815301076,1909f56bfc062723c751e8b465ee728b)  -> (artifact id: '27a5374d17ff7a3d8732abbe4e63011a') in 0.014067 seconds
Number of updated asset objects reloaded before import = 0
Number of asset objects unloaded after import = 3
========================================================================
Received Import Request.
  Time since last request: 21.003256 seconds.
  path: Assets/AstarPathfindingProject
  artifactKey: Guid(6942e1e80e8b54fde9147e843f1bec4f) Importer(815301076,1909f56bfc062723c751e8b465ee728b)
Start importing Assets/AstarPathfindingProject using Guid(6942e1e80e8b54fde9147e843f1bec4f) Importer(815301076,1909f56bfc062723c751e8b465ee728b)  -> (artifact id: '696d5752a4bc17f8221abb826e80522d') in 0.000613 seconds
Number of updated asset objects reloaded before import = 0
Number of asset objects unloaded after import = 0
========================================================================
Received Import Request.
  Time since last request: 4.635434 seconds.
  path: Assets/External Packages
  artifactKey: Guid(9d3b0a6e4c93e184f90ec5364fc4449d) Importer(815301076,1909f56bfc062723c751e8b465ee728b)
Start importing Assets/External Packages using Guid(9d3b0a6e4c93e184f90ec5364fc4449d) Importer(815301076,1909f56bfc062723c751e8b465ee728b)  -> (artifact id: '62b9b1b80dd2808f88fe7f6f35e2edb2') in 0.000440 seconds
Number of updated asset objects reloaded before import = 0
Number of asset objects unloaded after import = 0
========================================================================
Received Import Request.
  Time since last request: 7.980841 seconds.
  path: Assets/Sprites
  artifactKey: Guid(46577c0fbd6a826438e48d1575a38ff0) Importer(815301076,1909f56bfc062723c751e8b465ee728b)
Start importing Assets/Sprites using Guid(46577c0fbd6a826438e48d1575a38ff0) Importer(815301076,1909f56bfc062723c751e8b465ee728b)  -> (artifact id: '286c566c291a9fa54cb9bf5f9ab15fcd') in 0.027575 seconds
Number of updated asset objects reloaded before import = 2
Number of asset objects unloaded after import = 0
========================================================================
Received Prepare
Assembly with name 'PackageToolsEditor' already exists (Assets/AstarPathfindingProject/PackageTools/Editor/PackageToolsEditor.asmdef)
Assembly with name 'PackageToolsEditor' already exists (Assets/External Packages/AstarPathfindingProject/PackageTools/Editor/PackageToolsEditor.asmdef)
Assembly with name 'AstarPathfindingProject' already exists (Assets/AstarPathfindingProject/AstarPathfindingProject.asmdef)
Assembly with name 'AstarPathfindingProject' already exists (Assets/External Packages/AstarPathfindingProject/AstarPathfindingProject.asmdef)
Assembly with name 'AstarPathfindingProjectEditor' already exists (Assets/External Packages/AstarPathfindingProject/Editor/AstarPathfindingProjectEditor.asmdef)
Assembly with name 'AstarPathfindingProjectEditor' already exists (Assets/AstarPathfindingProject/Editor/AstarPathfindingProjectEditor.asmdef)
Assembly with name 'PackageToolsEditor' already exists (Assets/AstarPathfindingProject/PackageTools/Editor/PackageToolsEditor.asmdef)
Assembly with name 'PackageToolsEditor' already exists (Assets/External Packages/AstarPathfindingProject/PackageTools/Editor/PackageToolsEditor.asmdef)
Assembly with name 'AstarPathfindingProject' already exists (Assets/AstarPathfindingProject/AstarPathfindingProject.asmdef)
Assembly with name 'AstarPathfindingProject' already exists (Assets/External Packages/AstarPathfindingProject/AstarPathfindingProject.asmdef)
Assembly with name 'AstarPathfindingProjectEditor' already exists (Assets/External Packages/AstarPathfindingProject/Editor/AstarPathfindingProjectEditor.asmdef)
Assembly with name 'AstarPathfindingProjectEditor' already exists (Assets/AstarPathfindingProject/Editor/AstarPathfindingProjectEditor.asmdef)
Begin MonoManager ReloadAssembly
- Loaded All Assemblies, in  0.930 seconds
Refreshing native plugins compatible for Editor in 10.31 ms, found 4 plugins.
Native extension for WindowsStandalone target not found
Assembly with name 'PackageToolsEditor' already exists (Assets/AstarPathfindingProject/PackageTools/Editor/PackageToolsEditor.asmdef)
Assembly with name 'PackageToolsEditor' already exists (Assets/External Packages/AstarPathfindingProject/PackageTools/Editor/PackageToolsEditor.asmdef)
Assembly with name 'AstarPathfindingProject' already exists (Assets/AstarPathfindingProject/AstarPathfindingProject.asmdef)
Assembly with name 'AstarPathfindingProject' already exists (Assets/External Packages/AstarPathfindingProject/AstarPathfindingProject.asmdef)
Assembly with name 'AstarPathfindingProjectEditor' already exists (Assets/External Packages/AstarPathfindingProject/Editor/AstarPathfindingProjectEditor.asmdef)
Assembly with name 'AstarPathfindingProjectEditor' already exists (Assets/AstarPathfindingProject/Editor/AstarPathfindingProjectEditor.asmdef)
[Package Manager] Server::EnsureServerProcessIsRunning -- launch failed, reason: Unity was launched with the -noUpm command-line argument
[Package Manager] UpmClient::Send -- Unable to send message (not connected to UPM process).
[Package Manager] Cannot connect to Unity Package Manager local server
Mono: successfully reloaded assembly
- Finished resetting the current domain, in  2.373 seconds
Domain Reload Profiling: 3294ms
	BeginReloadAssembly (262ms)
		ExecutionOrderSort (0ms)
		DisableScriptedObjects (21ms)
		BackupInstance (0ms)
		ReleaseScriptingObjects (0ms)
		CreateAndSetChildDomain (63ms)
	RebuildCommonClasses (48ms)
	RebuildNativeTypeToScriptingClass (21ms)
	initialDomainReloadingComplete (79ms)
	LoadAllAssembliesAndSetupDomain (511ms)
		LoadAssemblies (579ms)
		RebuildTransferFunctionScriptingTraits (0ms)
		AnalyzeDomain (64ms)
			TypeCache.Refresh (25ms)
				TypeCache.ScanAssembly (7ms)
			ScanForSourceGeneratedMonoScriptInfo (20ms)
			ResolveRequiredComponents (18ms)
	FinalizeReload (2373ms)
		ReleaseScriptCaches (0ms)
		RebuildScriptCaches (0ms)
		SetupLoadedEditorAssemblies (1130ms)
			LogAssemblyErrors (0ms)
			InitializePlatformSupportModulesInManaged (8ms)
			SetLoadedEditorAssemblies (6ms)
			RefreshPlugins (0ms)
			BeforeProcessingInitializeOnLoad (143ms)
			ProcessInitializeOnLoadAttributes (919ms)
			ProcessInitializeOnLoadMethodAttributes (44ms)
			AfterProcessingInitializeOnLoad (10ms)
			EditorAssembliesLoaded (0ms)
		ExecutionOrderSort2 (0ms)
		AwakeInstancesAfterBackupRestoration (21ms)
Refreshing native plugins compatible for Editor in 9.12 ms, found 4 plugins.
Preloading 0 native plugins for Editor in 0.00 ms.
Unloading 4620 Unused Serialized files (Serialized files now loaded: 0)
Unloading 43 unused Assets / (108.5 KB). Loaded Objects now: 5158.
Memory consumption went from 159.3 MB to 159.2 MB.
Total: 5.244800 ms (FindLiveObjects: 0.474700 ms CreateObjectMapping: 0.501300 ms MarkObjects: 4.181900 ms  DeleteObjects: 0.085600 ms)

Prepare: number of updated asset objects reloaded= 0
AssetImportParameters requested are different than current active one (requested -> active):
  custom:container-demuxer-ogg: 62fdf1f143b41e24485cea50d1cbac27 -> 
  custom:video-decoder-ogg-theora: a1e56fd34408186e4bbccfd4996cb3dc -> 
  custom:framework-win-MediaFoundation: 216162199b28c13a410421893ffa2e32 -> 
  custom:CustomObjectIndexerAttribute: 9a22284fe3817be447336de3de66b15e -> 
  custom:container-demuxer-webm: 4f35f7cbe854078d1ac9338744f61a02 -> 
  custom:container-muxer-webm: aa71ff27fc2769a1b78a27578f13a17b -> 
  custom:video-decoder-webm-vp8: 9c59270c3fd7afecdb556c50c9e8de78 -> 
  custom:SearchIndexIgnoredProperties: e643bd26f0fe6173181afceb89e7c659 -> 
  custom:AudioImporter_EditorPlatform: d09bf68614088b80899f8185d706f6e7 -> 
  custom:video-encoder-webm-vp8: eb34c28f22e8b96e1ab97ce403110664 -> 
  custom:audio-decoder-ogg-vorbis: bf7c407c2cedff20999df2af8eb42d56 -> 
  custom:audio-encoder-webm-vorbis: bf7c407c2cedff20999df2af8eb42d56 -> 
